### dir(client.cmaq) ###
['get_cmaq', 'get_cmaq_getScores', 'get_cmaq_getValues']

### client.cmaq.get_cmaq().result( timeout=10 ) ###
{'cmaq': [{'aggregation': ['max', 'avg'],
           'endDate': datetime.date(2011, 12, 31),
           'exposureType': 'pm25',
           'exposureUnit': 'ugm3',
           'resolution': ['hour', 'day', '7day', '14day'],
           'startDate': datetime.date(2011, 1, 1)},
          {'aggregation': ['max', 'avg'],
           'endDate': datetime.date(2011, 12, 31),
           'exposureType': 'o3',
           'exposureUnit': 'ppm',
           'resolution': ['hour', 'day', '7day', '14day'],
           'startDate': datetime.date(2011, 1, 1)}]}

### client.cmaq.get_cmaq_getValues ... ###
{'values': [{'dateTime': datetime.datetime(2011, 1, 10, 0, 0, tzinfo=tzutc()),
             'latLon': '34.15581748,-77.99258944',
             'value': '10.7151'},
            {'dateTime': datetime.datetime(2011, 1, 11, 0, 0, tzinfo=tzutc()),
             'latLon': '34.15581748,-77.99258944',
             'value': '26.5948'},
            {'dateTime': datetime.datetime(2011, 1, 12, 0, 0, tzinfo=tzutc()),
             'latLon': '34.15581748,-77.99258944',
             'value': '9.4646'},
            {'dateTime': datetime.datetime(2011, 1, 13, 0, 0, tzinfo=tzutc()),
             'latLon': '34.15581748,-77.99258944',
             'value': '14.0856'},
            {'dateTime': datetime.datetime(2011, 1, 14, 0, 0, tzinfo=tzutc()),
             'latLon': '34.15581748,-77.99258944',
             'value': '22.7975'},
            {'dateTime': datetime.datetime(2011, 1, 15, 0, 0, tzinfo=tzutc()),
             'latLon': '34.15581748,-77.99258944',
             'value': '49.0402'},
            {'dateTime': datetime.datetime(2011, 1, 16, 0, 0, tzinfo=tzutc()),
             'latLon': '34.15581748,-77.99258944',
             'value': '30.5982'},
            {'dateTime': datetime.datetime(2011, 1, 17, 0, 0, tzinfo=tzutc()),
             'latLon': '34.15581748,-77.99258944',
             'value': '29.3481'},
            {'dateTime': datetime.datetime(2011, 1, 18, 0, 0, tzinfo=tzutc()),
             'latLon': '34.15581748,-77.99258944',
             'value': '37.7076'},
            {'dateTime': datetime.datetime(2011, 1, 19, 0, 0, tzinfo=tzutc()),
             'latLon': '34.15581748,-77.99258944',
             'value': '37.4431'},
            {'dateTime': datetime.datetime(2011, 1, 20, 0, 0, tzinfo=tzutc()),
             'latLon': '34.15581748,-77.99258944',
             'value': '21.5887'}]}

### client.cmaq.get_cmaq_getScores ... ###
{'scores': [{'dateTime': datetime.datetime(2011, 1, 10, 0, 0, tzinfo=tzutc()),
             'latLon': '34.15581748,-77.99258944',
             'score': '2.0417'},
            {'dateTime': datetime.datetime(2011, 1, 11, 0, 0, tzinfo=tzutc()),
             'latLon': '34.15581748,-77.99258944',
             'score': '2.5651'},
            {'dateTime': datetime.datetime(2011, 1, 12, 0, 0, tzinfo=tzutc()),
             'latLon': '34.15581748,-77.99258944',
             'score': '1.9086'},
            {'dateTime': datetime.datetime(2011, 1, 13, 0, 0, tzinfo=tzutc()),
             'latLon': '34.15581748,-77.99258944',
             'score': '1.9989'},
            {'dateTime': datetime.datetime(2011, 1, 14, 0, 0, tzinfo=tzutc()),
             'latLon': '34.15581748,-77.99258944',
             'score': '2.4641'},
            {'dateTime': datetime.datetime(2011, 1, 15, 0, 0, tzinfo=tzutc()),
             'latLon': '34.15581748,-77.99258944',
             'score': '3.66'},
            {'dateTime': datetime.datetime(2011, 1, 16, 0, 0, tzinfo=tzutc()),
             'latLon': '34.15581748,-77.99258944',
             'score': '1.1197'},
            {'dateTime': datetime.datetime(2011, 1, 17, 0, 0, tzinfo=tzutc()),
             'latLon': '34.15581748,-77.99258944',
             'score': '1.228'},
            {'dateTime': datetime.datetime(2011, 1, 18, 0, 0, tzinfo=tzutc()),
             'latLon': '34.15581748,-77.99258944',
             'score': '3.227'},
            {'dateTime': datetime.datetime(2011, 1, 19, 0, 0, tzinfo=tzutc()),
             'latLon': '34.15581748,-77.99258944',
             'score': '4.5299'},
            {'dateTime': datetime.datetime(2011, 1, 20, 0, 0, tzinfo=tzutc()),
             'latLon': '34.15581748,-77.99258944',
             'score': '1.7436'}]}
